<?xml version="1.0" encoding="UTF-8"?>
<testng-results ignored="0" total="2" passed="2" failed="0" skipped="0">
  <reporter-output>
  </reporter-output>
  <suite started-at="2022-10-10T22:42:06 IST" name="Default suite" finished-at="2022-10-10T22:42:31 IST" duration-ms="25051">
    <groups>
    </groups>
    <test started-at="2022-10-10T22:42:06 IST" name="Default test" finished-at="2022-10-10T22:42:31 IST" duration-ms="25051">
      <class name="interview.Yatra">
        <test-method is-config="true" signature="url()[pri:0, instance:interview.Yatra@4ec4f3a0]" started-at="2022-10-10T22:42:06 IST" name="url" finished-at="2022-10-10T22:42:14 IST" duration-ms="7375" status="PASS">
          <reporter-output>
          </reporter-output>
        </test-method> <!-- url -->
        <test-method is-config="true" signature="start()[pri:0, instance:interview.Yatra@4ec4f3a0]" started-at="2022-10-10T22:42:14 IST" name="start" finished-at="2022-10-10T22:42:20 IST" duration-ms="5844" status="PASS">
          <reporter-output>
          </reporter-output>
        </test-method> <!-- start -->
        <test-method signature="wappalyzer1()[pri:1, instance:interview.Yatra@4ec4f3a0]" started-at="2022-10-10T22:42:20 IST" name="wappalyzer1" finished-at="2022-10-10T22:42:28 IST" duration-ms="8302" status="PASS">
          <reporter-output>
          </reporter-output>
        </test-method> <!-- wappalyzer1 -->
        <test-method is-config="true" signature="start()[pri:0, instance:interview.Yatra@4ec4f3a0]" started-at="2022-10-10T22:42:28 IST" name="start" finished-at="2022-10-10T22:42:31 IST" duration-ms="2915" status="PASS">
          <reporter-output>
          </reporter-output>
        </test-method> <!-- start -->
        <test-method signature="wappalyzer2()[pri:2, instance:interview.Yatra@4ec4f3a0]" started-at="2022-10-10T22:42:31 IST" name="wappalyzer2" finished-at="2022-10-10T22:42:31 IST" duration-ms="475" status="PASS">
          <reporter-output>
          </reporter-output>
        </test-method> <!-- wappalyzer2 -->
      </class> <!-- interview.Yatra -->
    </test> <!-- Default test -->
  </suite> <!-- Default suite -->
</testng-results>
